[2017-04-16 20:08:00] [info]  [ 3304] Commons Daemon procrun (1.0.15.0 64-bit) started
[2017-04-16 20:08:00] [info]  [ 3304] Service Tomcat9 name Apache Tomcat 9.0 Tomcat9
[2017-04-16 20:08:01] [info]  [ 3304] Service 'Tomcat9' installed
[2017-04-16 20:08:01] [info]  [ 3304] Commons Daemon procrun finished
[2017-04-16 20:08:20] [info]  [ 5640] Commons Daemon procrun (1.0.15.0 64-bit) started
[2017-04-16 20:08:20] [info]  [ 5640] Running 'Tomcat9' Service...
[2017-04-16 20:08:20] [info]  [ 3208] Starting service...
[2017-04-16 20:08:22] [info]  [ 3208] Service started in 1699 ms.
[2017-04-16 20:09:44] [info]  [ 2992] Stopping service...
[2017-04-16 20:09:45] [info]  [ 2992] Service stop thread completed.
[2017-04-16 20:09:46] [info]  [ 5640] Run service finished.
[2017-04-16 20:09:46] [info]  [ 5640] Commons Daemon procrun finished
[2017-04-16 20:09:57] [info]  [ 2000] Commons Daemon procrun (1.0.15.0 64-bit) started
[2017-04-16 20:09:58] [info]  [ 2000] Running 'Tomcat9' Service...
[2017-04-16 20:09:58] [info]  [ 4720] Starting service...
[2017-04-16 20:09:59] [info]  [ 4720] Service started in 1570 ms.
[2017-04-16 20:23:06] [info]  [ 7028] Stopping service...
[2017-04-16 20:23:08] [info]  [ 7028] Service stop thread completed.
[2017-04-16 20:23:09] [info]  [ 2000] Run service finished.
[2017-04-16 20:23:09] [info]  [ 2000] Commons Daemon procrun finished
[2017-04-16 20:29:49] [info]  [ 5532] Commons Daemon procrun (1.0.15.0 64-bit) started
[2017-04-16 20:29:49] [info]  [ 5532] Running 'Tomcat9' Service...
[2017-04-16 20:29:49] [info]  [ 6624] Starting service...
[2017-04-16 20:29:51] [info]  [ 6624] Service started in 1658 ms.
[2017-04-16 20:35:05] [info]  [ 6312] Stopping service...
[2017-04-16 20:35:06] [info]  [ 6312] Service stop thread completed.
[2017-04-16 20:35:07] [info]  [ 5532] Run service finished.
[2017-04-16 20:35:07] [info]  [ 5532] Commons Daemon procrun finished
[2017-04-16 20:35:30] [info]  [ 5732] Commons Daemon procrun (1.0.15.0 64-bit) started
[2017-04-16 20:35:30] [info]  [ 5732] Running 'Tomcat9' Service...
[2017-04-16 20:35:30] [info]  [ 7108] Starting service...
[2017-04-16 20:35:31] [info]  [ 7108] Service started in 1603 ms.
[2017-04-16 20:37:39] [info]  [ 5104] Stopping service...
[2017-04-16 20:37:40] [info]  [ 5104] Service stop thread completed.
[2017-04-16 20:37:40] [info]  [ 5732] Run service finished.
[2017-04-16 20:37:40] [info]  [ 5732] Commons Daemon procrun finished
[2017-04-16 20:38:29] [info]  [ 7412] Commons Daemon procrun (1.0.15.0 64-bit) started
[2017-04-16 20:38:29] [info]  [ 7412] Running 'Tomcat9' Service...
[2017-04-16 20:38:29] [info]  [ 3612] Starting service...
[2017-04-16 20:38:31] [info]  [ 3612] Service started in 1572 ms.
[2017-04-16 20:39:02] [info]  [ 4176] Stopping service...
[2017-04-16 20:39:03] [info]  [ 4176] Service stop thread completed.
[2017-04-16 20:39:04] [info]  [ 7412] Run service finished.
[2017-04-16 20:39:04] [info]  [ 7412] Commons Daemon procrun finished
[2017-04-16 20:40:01] [info]  [ 5020] Commons Daemon procrun (1.0.15.0 64-bit) started
[2017-04-16 20:40:02] [info]  [ 5020] Running 'Tomcat9' Service...
[2017-04-16 20:40:02] [info]  [ 6252] Starting service...
[2017-04-16 20:40:04] [info]  [ 6252] Service started in 1641 ms.
[2017-04-16 20:53:15] [info]  [ 7600] Stopping service...
[2017-04-16 20:53:17] [info]  [ 7600] Service stop thread completed.
[2017-04-16 20:53:18] [info]  [ 5020] Run service finished.
[2017-04-16 20:53:18] [info]  [ 5020] Commons Daemon procrun finished
[2017-04-16 20:53:21] [info]  [ 4788] Commons Daemon procrun (1.0.15.0 64-bit) started
[2017-04-16 20:53:21] [info]  [ 4788] Running 'Tomcat9' Service...
[2017-04-16 20:53:21] [info]  [ 5620] Starting service...
[2017-04-16 20:53:23] [info]  [ 5620] Service started in 1515 ms.
[2017-04-16 21:09:26] [info]  [ 4760] Stopping service...
[2017-04-16 21:09:28] [info]  [ 4760] Service stop thread completed.
[2017-04-16 21:09:29] [info]  [ 4788] Run service finished.
[2017-04-16 21:09:29] [info]  [ 4788] Commons Daemon procrun finished
