
2017-04-16 20:08:20 Commons Daemon procrun stderr initialized
16-Apr-2017 20:08:22.939 信息 [main] org.apache.catalina.startup.VersionLoggerListener.log Server version:        Apache Tomcat/9.0.0.M19
16-Apr-2017 20:08:22.952 信息 [main] org.apache.catalina.startup.VersionLoggerListener.log Server built:          Mar 27 2017 12:09:59 UTC
16-Apr-2017 20:08:22.953 信息 [main] org.apache.catalina.startup.VersionLoggerListener.log Server number:         9.0.0.0
16-Apr-2017 20:08:22.953 信息 [main] org.apache.catalina.startup.VersionLoggerListener.log OS Name:               Windows 7
16-Apr-2017 20:08:22.954 信息 [main] org.apache.catalina.startup.VersionLoggerListener.log OS Version:            6.1
16-Apr-2017 20:08:22.954 信息 [main] org.apache.catalina.startup.VersionLoggerListener.log Architecture:          amd64
16-Apr-2017 20:08:22.955 信息 [main] org.apache.catalina.startup.VersionLoggerListener.log Java Home:             D:\Develop\Java\jdk1.8.0_92\jre
16-Apr-2017 20:08:22.955 信息 [main] org.apache.catalina.startup.VersionLoggerListener.log JVM Version:           1.8.0_92-b14
16-Apr-2017 20:08:22.956 信息 [main] org.apache.catalina.startup.VersionLoggerListener.log JVM Vendor:            Oracle Corporation
16-Apr-2017 20:08:22.956 信息 [main] org.apache.catalina.startup.VersionLoggerListener.log CATALINA_BASE:         D:\apache-tomcat-9.0.0.M19
16-Apr-2017 20:08:22.960 信息 [main] org.apache.catalina.startup.VersionLoggerListener.log CATALINA_HOME:         D:\apache-tomcat-9.0.0.M19
16-Apr-2017 20:08:22.961 信息 [main] org.apache.catalina.startup.VersionLoggerListener.log Command line argument: -Dcatalina.home=D:\apache-tomcat-9.0.0.M19
16-Apr-2017 20:08:22.961 信息 [main] org.apache.catalina.startup.VersionLoggerListener.log Command line argument: -Dcatalina.base=D:\apache-tomcat-9.0.0.M19
16-Apr-2017 20:08:22.962 信息 [main] org.apache.catalina.startup.VersionLoggerListener.log Command line argument: -Djava.io.tmpdir=D:\apache-tomcat-9.0.0.M19\temp
16-Apr-2017 20:08:22.962 信息 [main] org.apache.catalina.startup.VersionLoggerListener.log Command line argument: -Djava.util.logging.manager=org.apache.juli.ClassLoaderLogManager
16-Apr-2017 20:08:22.962 信息 [main] org.apache.catalina.startup.VersionLoggerListener.log Command line argument: -Djava.util.logging.config.file=D:\apache-tomcat-9.0.0.M19\conf\logging.properties
16-Apr-2017 20:08:22.963 信息 [main] org.apache.catalina.startup.VersionLoggerListener.log Command line argument: exit
16-Apr-2017 20:08:22.963 信息 [main] org.apache.catalina.startup.VersionLoggerListener.log Command line argument: -Xms128m
16-Apr-2017 20:08:22.964 信息 [main] org.apache.catalina.startup.VersionLoggerListener.log Command line argument: -Xmx256m
16-Apr-2017 20:08:22.964 信息 [main] org.apache.catalina.core.AprLifecycleListener.lifecycleEvent Loaded APR based Apache Tomcat Native library 1.2.12 using APR version 1.5.2.
16-Apr-2017 20:08:22.964 信息 [main] org.apache.catalina.core.AprLifecycleListener.lifecycleEvent APR capabilities: IPv6 [true], sendfile [true], accept filters [false], random [true].
16-Apr-2017 20:08:22.965 信息 [main] org.apache.catalina.core.AprLifecycleListener.lifecycleEvent APR/OpenSSL configuration: useAprConnector [false], useOpenSSL [true]
16-Apr-2017 20:08:24.104 信息 [main] org.apache.catalina.core.AprLifecycleListener.initializeSSL OpenSSL successfully initialized (OpenSSL 1.0.2k  26 Jan 2017)
16-Apr-2017 20:08:24.506 信息 [main] org.apache.coyote.AbstractProtocol.init Initializing ProtocolHandler ["http-nio-8080"]
16-Apr-2017 20:08:24.539 严重 [main] org.apache.catalina.util.LifecycleBase.handleSubClassException Failed to initialize component [Connector[HTTP/1.1-8080]]
 org.apache.catalina.LifecycleException: Protocol handler initialization failed
	at org.apache.catalina.connector.Connector.initInternal(Connector.java:942)
	at org.apache.catalina.util.LifecycleBase.init(LifecycleBase.java:136)
	at org.apache.catalina.core.StandardService.initInternal(StandardService.java:530)
	at org.apache.catalina.util.LifecycleBase.init(LifecycleBase.java:136)
	at org.apache.catalina.core.StandardServer.initInternal(StandardServer.java:875)
	at org.apache.catalina.util.LifecycleBase.init(LifecycleBase.java:136)
	at org.apache.catalina.startup.Catalina.load(Catalina.java:606)
	at org.apache.catalina.startup.Catalina.load(Catalina.java:629)
	at sun.reflect.NativeMethodAccessorImpl.invoke0(Native Method)
	at sun.reflect.NativeMethodAccessorImpl.invoke(NativeMethodAccessorImpl.java:62)
	at sun.reflect.DelegatingMethodAccessorImpl.invoke(DelegatingMethodAccessorImpl.java:43)
	at java.lang.reflect.Method.invoke(Method.java:498)
	at org.apache.catalina.startup.Bootstrap.load(Bootstrap.java:311)
	at org.apache.catalina.startup.Bootstrap.main(Bootstrap.java:494)
Caused by: java.net.BindException: Address already in use: bind
	at sun.nio.ch.Net.bind0(Native Method)
	at sun.nio.ch.Net.bind(Net.java:433)
	at sun.nio.ch.Net.bind(Net.java:425)
	at sun.nio.ch.ServerSocketChannelImpl.bind(ServerSocketChannelImpl.java:223)
	at sun.nio.ch.ServerSocketAdaptor.bind(ServerSocketAdaptor.java:74)
	at org.apache.tomcat.util.net.NioEndpoint.bind(NioEndpoint.java:206)
	at org.apache.tomcat.util.net.AbstractEndpoint.init(AbstractEndpoint.java:950)
	at org.apache.coyote.AbstractProtocol.init(AbstractProtocol.java:573)
	at org.apache.coyote.http11.AbstractHttp11Protocol.init(AbstractHttp11Protocol.java:70)
	at org.apache.catalina.connector.Connector.initInternal(Connector.java:939)
	... 13 more

16-Apr-2017 20:08:24.542 信息 [main] org.apache.coyote.AbstractProtocol.init Initializing ProtocolHandler ["ajp-nio-8009"]
16-Apr-2017 20:08:24.600 信息 [main] org.apache.tomcat.util.net.NioSelectorPool.getSharedSelector Using a shared selector for servlet write/read
16-Apr-2017 20:08:24.609 信息 [main] org.apache.catalina.startup.Catalina.load Initialization processed in 3209 ms
16-Apr-2017 20:08:24.728 信息 [main] org.apache.catalina.core.StandardService.startInternal Starting service Catalina
16-Apr-2017 20:08:24.728 信息 [main] org.apache.catalina.core.StandardEngine.startInternal Starting Servlet Engine: Apache Tomcat/9.0.0.M19
16-Apr-2017 20:08:24.761 信息 [main] org.apache.catalina.startup.HostConfig.deployDirectory Deploying web application directory D:\apache-tomcat-9.0.0.M19\webapps\docs
16-Apr-2017 20:08:26.149 信息 [main] org.apache.catalina.util.SessionIdGeneratorBase.createSecureRandom Creation of SecureRandom instance for session ID generation using [SHA1PRNG] took [239] milliseconds.
16-Apr-2017 20:08:26.206 信息 [main] org.apache.catalina.startup.HostConfig.deployDirectory Deployment of web application directory D:\apache-tomcat-9.0.0.M19\webapps\docs has finished in 1,444 ms
16-Apr-2017 20:08:26.207 信息 [main] org.apache.catalina.startup.HostConfig.deployDirectory Deploying web application directory D:\apache-tomcat-9.0.0.M19\webapps\examples
16-Apr-2017 20:08:27.111 信息 [main] org.apache.catalina.startup.HostConfig.deployDirectory Deployment of web application directory D:\apache-tomcat-9.0.0.M19\webapps\examples has finished in 904 ms
16-Apr-2017 20:08:27.112 信息 [main] org.apache.catalina.startup.HostConfig.deployDirectory Deploying web application directory D:\apache-tomcat-9.0.0.M19\webapps\host-manager
16-Apr-2017 20:08:27.244 信息 [main] org.apache.catalina.startup.HostConfig.deployDirectory Deployment of web application directory D:\apache-tomcat-9.0.0.M19\webapps\host-manager has finished in 133 ms
16-Apr-2017 20:08:27.245 信息 [main] org.apache.catalina.startup.HostConfig.deployDirectory Deploying web application directory D:\apache-tomcat-9.0.0.M19\webapps\manager
16-Apr-2017 20:08:27.304 信息 [main] org.apache.catalina.startup.HostConfig.deployDirectory Deployment of web application directory D:\apache-tomcat-9.0.0.M19\webapps\manager has finished in 58 ms
16-Apr-2017 20:08:27.305 信息 [main] org.apache.catalina.startup.HostConfig.deployDirectory Deploying web application directory D:\apache-tomcat-9.0.0.M19\webapps\ROOT
16-Apr-2017 20:08:27.352 信息 [main] org.apache.catalina.startup.HostConfig.deployDirectory Deployment of web application directory D:\apache-tomcat-9.0.0.M19\webapps\ROOT has finished in 47 ms
16-Apr-2017 20:08:27.359 信息 [main] org.apache.coyote.AbstractProtocol.start Starting ProtocolHandler ["ajp-nio-8009"]
16-Apr-2017 20:08:27.386 信息 [main] org.apache.catalina.startup.Catalina.start Server startup in 2776 ms
16-Apr-2017 20:09:44.752 信息 [Thread-5] org.apache.coyote.AbstractProtocol.pause Pausing ProtocolHandler ["http-nio-8080"]
16-Apr-2017 20:09:44.753 信息 [Thread-5] org.apache.coyote.AbstractProtocol.pause Pausing ProtocolHandler ["ajp-nio-8009"]
16-Apr-2017 20:09:45.040 信息 [Thread-5] org.apache.catalina.core.StandardService.stopInternal Stopping service Catalina
16-Apr-2017 20:09:45.214 信息 [Thread-5] org.apache.coyote.AbstractProtocol.stop Stopping ProtocolHandler ["ajp-nio-8009"]

2017-04-16 20:09:58 Commons Daemon procrun stderr initialized
16-Apr-2017 20:10:00.446 信息 [main] org.apache.catalina.startup.VersionLoggerListener.log Server version:        Apache Tomcat/9.0.0.M19
16-Apr-2017 20:10:00.458 信息 [main] org.apache.catalina.startup.VersionLoggerListener.log Server built:          Mar 27 2017 12:09:59 UTC
16-Apr-2017 20:10:00.458 信息 [main] org.apache.catalina.startup.VersionLoggerListener.log Server number:         9.0.0.0
16-Apr-2017 20:10:00.459 信息 [main] org.apache.catalina.startup.VersionLoggerListener.log OS Name:               Windows 7
16-Apr-2017 20:10:00.459 信息 [main] org.apache.catalina.startup.VersionLoggerListener.log OS Version:            6.1
16-Apr-2017 20:10:00.460 信息 [main] org.apache.catalina.startup.VersionLoggerListener.log Architecture:          amd64
16-Apr-2017 20:10:00.460 信息 [main] org.apache.catalina.startup.VersionLoggerListener.log Java Home:             D:\Develop\Java\jdk1.8.0_92\jre
16-Apr-2017 20:10:00.461 信息 [main] org.apache.catalina.startup.VersionLoggerListener.log JVM Version:           1.8.0_92-b14
16-Apr-2017 20:10:00.461 信息 [main] org.apache.catalina.startup.VersionLoggerListener.log JVM Vendor:            Oracle Corporation
16-Apr-2017 20:10:00.462 信息 [main] org.apache.catalina.startup.VersionLoggerListener.log CATALINA_BASE:         D:\apache-tomcat-9.0.0.M19
16-Apr-2017 20:10:00.464 信息 [main] org.apache.catalina.startup.VersionLoggerListener.log CATALINA_HOME:         D:\apache-tomcat-9.0.0.M19
16-Apr-2017 20:10:00.465 信息 [main] org.apache.catalina.startup.VersionLoggerListener.log Command line argument: -Dcatalina.home=D:\apache-tomcat-9.0.0.M19
16-Apr-2017 20:10:00.466 信息 [main] org.apache.catalina.startup.VersionLoggerListener.log Command line argument: -Dcatalina.base=D:\apache-tomcat-9.0.0.M19
16-Apr-2017 20:10:00.466 信息 [main] org.apache.catalina.startup.VersionLoggerListener.log Command line argument: -Djava.io.tmpdir=D:\apache-tomcat-9.0.0.M19\temp
16-Apr-2017 20:10:00.467 信息 [main] org.apache.catalina.startup.VersionLoggerListener.log Command line argument: -Djava.util.logging.manager=org.apache.juli.ClassLoaderLogManager
16-Apr-2017 20:10:00.467 信息 [main] org.apache.catalina.startup.VersionLoggerListener.log Command line argument: -Djava.util.logging.config.file=D:\apache-tomcat-9.0.0.M19\conf\logging.properties
16-Apr-2017 20:10:00.468 信息 [main] org.apache.catalina.startup.VersionLoggerListener.log Command line argument: exit
16-Apr-2017 20:10:00.468 信息 [main] org.apache.catalina.startup.VersionLoggerListener.log Command line argument: -Xms128m
16-Apr-2017 20:10:00.468 信息 [main] org.apache.catalina.startup.VersionLoggerListener.log Command line argument: -Xmx256m
16-Apr-2017 20:10:00.469 信息 [main] org.apache.catalina.core.AprLifecycleListener.lifecycleEvent Loaded APR based Apache Tomcat Native library 1.2.12 using APR version 1.5.2.
16-Apr-2017 20:10:00.469 信息 [main] org.apache.catalina.core.AprLifecycleListener.lifecycleEvent APR capabilities: IPv6 [true], sendfile [true], accept filters [false], random [true].
16-Apr-2017 20:10:00.470 信息 [main] org.apache.catalina.core.AprLifecycleListener.lifecycleEvent APR/OpenSSL configuration: useAprConnector [false], useOpenSSL [true]
16-Apr-2017 20:10:01.595 信息 [main] org.apache.catalina.core.AprLifecycleListener.initializeSSL OpenSSL successfully initialized (OpenSSL 1.0.2k  26 Jan 2017)
16-Apr-2017 20:10:02.093 信息 [main] org.apache.coyote.AbstractProtocol.init Initializing ProtocolHandler ["http-nio-8080"]
16-Apr-2017 20:10:02.145 严重 [main] org.apache.catalina.util.LifecycleBase.handleSubClassException Failed to initialize component [Connector[HTTP/1.1-8080]]
 org.apache.catalina.LifecycleException: Protocol handler initialization failed
	at org.apache.catalina.connector.Connector.initInternal(Connector.java:942)
	at org.apache.catalina.util.LifecycleBase.init(LifecycleBase.java:136)
	at org.apache.catalina.core.StandardService.initInternal(StandardService.java:530)
	at org.apache.catalina.util.LifecycleBase.init(LifecycleBase.java:136)
	at org.apache.catalina.core.StandardServer.initInternal(StandardServer.java:875)
	at org.apache.catalina.util.LifecycleBase.init(LifecycleBase.java:136)
	at org.apache.catalina.startup.Catalina.load(Catalina.java:606)
	at org.apache.catalina.startup.Catalina.load(Catalina.java:629)
	at sun.reflect.NativeMethodAccessorImpl.invoke0(Native Method)
	at sun.reflect.NativeMethodAccessorImpl.invoke(NativeMethodAccessorImpl.java:62)
	at sun.reflect.DelegatingMethodAccessorImpl.invoke(DelegatingMethodAccessorImpl.java:43)
	at java.lang.reflect.Method.invoke(Method.java:498)
	at org.apache.catalina.startup.Bootstrap.load(Bootstrap.java:311)
	at org.apache.catalina.startup.Bootstrap.main(Bootstrap.java:494)
Caused by: java.net.BindException: Address already in use: bind
	at sun.nio.ch.Net.bind0(Native Method)
	at sun.nio.ch.Net.bind(Net.java:433)
	at sun.nio.ch.Net.bind(Net.java:425)
	at sun.nio.ch.ServerSocketChannelImpl.bind(ServerSocketChannelImpl.java:223)
	at sun.nio.ch.ServerSocketAdaptor.bind(ServerSocketAdaptor.java:74)
	at org.apache.tomcat.util.net.NioEndpoint.bind(NioEndpoint.java:206)
	at org.apache.tomcat.util.net.AbstractEndpoint.init(AbstractEndpoint.java:950)
	at org.apache.coyote.AbstractProtocol.init(AbstractProtocol.java:573)
	at org.apache.coyote.http11.AbstractHttp11Protocol.init(AbstractHttp11Protocol.java:70)
	at org.apache.catalina.connector.Connector.initInternal(Connector.java:939)
	... 13 more

16-Apr-2017 20:10:02.150 信息 [main] org.apache.coyote.AbstractProtocol.init Initializing ProtocolHandler ["ajp-nio-8009"]
16-Apr-2017 20:10:02.190 信息 [main] org.apache.tomcat.util.net.NioSelectorPool.getSharedSelector Using a shared selector for servlet write/read
16-Apr-2017 20:10:02.199 信息 [main] org.apache.catalina.startup.Catalina.load Initialization processed in 3342 ms
16-Apr-2017 20:10:02.305 信息 [main] org.apache.catalina.core.StandardService.startInternal Starting service Catalina
16-Apr-2017 20:10:02.306 信息 [main] org.apache.catalina.core.StandardEngine.startInternal Starting Servlet Engine: Apache Tomcat/9.0.0.M19
16-Apr-2017 20:10:02.334 信息 [main] org.apache.catalina.startup.HostConfig.deployDirectory Deploying web application directory D:\apache-tomcat-9.0.0.M19\webapps\docs
16-Apr-2017 20:10:03.799 信息 [main] org.apache.catalina.util.SessionIdGeneratorBase.createSecureRandom Creation of SecureRandom instance for session ID generation using [SHA1PRNG] took [222] milliseconds.
16-Apr-2017 20:10:03.850 信息 [main] org.apache.catalina.startup.HostConfig.deployDirectory Deployment of web application directory D:\apache-tomcat-9.0.0.M19\webapps\docs has finished in 1,516 ms
16-Apr-2017 20:10:03.851 信息 [main] org.apache.catalina.startup.HostConfig.deployDirectory Deploying web application directory D:\apache-tomcat-9.0.0.M19\webapps\examples
16-Apr-2017 20:10:04.642 信息 [main] org.apache.catalina.startup.HostConfig.deployDirectory Deployment of web application directory D:\apache-tomcat-9.0.0.M19\webapps\examples has finished in 791 ms
16-Apr-2017 20:10:04.643 信息 [main] org.apache.catalina.startup.HostConfig.deployDirectory Deploying web application directory D:\apache-tomcat-9.0.0.M19\webapps\host-manager
16-Apr-2017 20:10:04.768 信息 [main] org.apache.catalina.startup.HostConfig.deployDirectory Deployment of web application directory D:\apache-tomcat-9.0.0.M19\webapps\host-manager has finished in 126 ms
16-Apr-2017 20:10:04.769 信息 [main] org.apache.catalina.startup.HostConfig.deployDirectory Deploying web application directory D:\apache-tomcat-9.0.0.M19\webapps\manager
16-Apr-2017 20:10:04.823 信息 [main] org.apache.catalina.startup.HostConfig.deployDirectory Deployment of web application directory D:\apache-tomcat-9.0.0.M19\webapps\manager has finished in 55 ms
16-Apr-2017 20:10:04.824 信息 [main] org.apache.catalina.startup.HostConfig.deployDirectory Deploying web application directory D:\apache-tomcat-9.0.0.M19\webapps\ROOT
16-Apr-2017 20:10:04.861 信息 [main] org.apache.catalina.startup.HostConfig.deployDirectory Deployment of web application directory D:\apache-tomcat-9.0.0.M19\webapps\ROOT has finished in 37 ms
16-Apr-2017 20:10:04.868 信息 [main] org.apache.coyote.AbstractProtocol.start Starting ProtocolHandler ["ajp-nio-8009"]
16-Apr-2017 20:10:04.893 信息 [main] org.apache.catalina.startup.Catalina.start Server startup in 2693 ms
16-Apr-2017 20:23:07.167 信息 [Thread-5] org.apache.coyote.AbstractProtocol.pause Pausing ProtocolHandler ["http-nio-8080"]
16-Apr-2017 20:23:07.169 信息 [Thread-5] org.apache.coyote.AbstractProtocol.pause Pausing ProtocolHandler ["ajp-nio-8009"]
16-Apr-2017 20:23:07.466 信息 [Thread-5] org.apache.catalina.core.StandardService.stopInternal Stopping service Catalina
16-Apr-2017 20:23:07.583 信息 [Thread-5] org.apache.coyote.AbstractProtocol.stop Stopping ProtocolHandler ["ajp-nio-8009"]

2017-04-16 20:29:49 Commons Daemon procrun stderr initialized
16-Apr-2017 20:29:52.004 信息 [main] org.apache.catalina.startup.VersionLoggerListener.log Server version:        Apache Tomcat/9.0.0.M19
16-Apr-2017 20:29:52.019 信息 [main] org.apache.catalina.startup.VersionLoggerListener.log Server built:          Mar 27 2017 12:09:59 UTC
16-Apr-2017 20:29:52.020 信息 [main] org.apache.catalina.startup.VersionLoggerListener.log Server number:         9.0.0.0
16-Apr-2017 20:29:52.020 信息 [main] org.apache.catalina.startup.VersionLoggerListener.log OS Name:               Windows 7
16-Apr-2017 20:29:52.020 信息 [main] org.apache.catalina.startup.VersionLoggerListener.log OS Version:            6.1
16-Apr-2017 20:29:52.021 信息 [main] org.apache.catalina.startup.VersionLoggerListener.log Architecture:          amd64
16-Apr-2017 20:29:52.021 信息 [main] org.apache.catalina.startup.VersionLoggerListener.log Java Home:             D:\Develop\Java\jdk1.8.0_92\jre
16-Apr-2017 20:29:52.021 信息 [main] org.apache.catalina.startup.VersionLoggerListener.log JVM Version:           1.8.0_92-b14
16-Apr-2017 20:29:52.022 信息 [main] org.apache.catalina.startup.VersionLoggerListener.log JVM Vendor:            Oracle Corporation
16-Apr-2017 20:29:52.022 信息 [main] org.apache.catalina.startup.VersionLoggerListener.log CATALINA_BASE:         D:\apache-tomcat-9.0.0.M19
16-Apr-2017 20:29:52.023 信息 [main] org.apache.catalina.startup.VersionLoggerListener.log CATALINA_HOME:         D:\apache-tomcat-9.0.0.M19
16-Apr-2017 20:29:52.024 信息 [main] org.apache.catalina.startup.VersionLoggerListener.log Command line argument: -Dcatalina.home=D:\apache-tomcat-9.0.0.M19
16-Apr-2017 20:29:52.024 信息 [main] org.apache.catalina.startup.VersionLoggerListener.log Command line argument: -Dcatalina.base=D:\apache-tomcat-9.0.0.M19
16-Apr-2017 20:29:52.025 信息 [main] org.apache.catalina.startup.VersionLoggerListener.log Command line argument: -Djava.io.tmpdir=D:\apache-tomcat-9.0.0.M19\temp
16-Apr-2017 20:29:52.025 信息 [main] org.apache.catalina.startup.VersionLoggerListener.log Command line argument: -Djava.util.logging.manager=org.apache.juli.ClassLoaderLogManager
16-Apr-2017 20:29:52.026 信息 [main] org.apache.catalina.startup.VersionLoggerListener.log Command line argument: -Djava.util.logging.config.file=D:\apache-tomcat-9.0.0.M19\conf\logging.properties
16-Apr-2017 20:29:52.026 信息 [main] org.apache.catalina.startup.VersionLoggerListener.log Command line argument: exit
16-Apr-2017 20:29:52.027 信息 [main] org.apache.catalina.startup.VersionLoggerListener.log Command line argument: -Xms128m
16-Apr-2017 20:29:52.028 信息 [main] org.apache.catalina.startup.VersionLoggerListener.log Command line argument: -Xmx256m
16-Apr-2017 20:29:52.028 信息 [main] org.apache.catalina.core.AprLifecycleListener.lifecycleEvent Loaded APR based Apache Tomcat Native library 1.2.12 using APR version 1.5.2.
16-Apr-2017 20:29:52.028 信息 [main] org.apache.catalina.core.AprLifecycleListener.lifecycleEvent APR capabilities: IPv6 [true], sendfile [true], accept filters [false], random [true].
16-Apr-2017 20:29:52.029 信息 [main] org.apache.catalina.core.AprLifecycleListener.lifecycleEvent APR/OpenSSL configuration: useAprConnector [false], useOpenSSL [true]
16-Apr-2017 20:29:53.110 信息 [main] org.apache.catalina.core.AprLifecycleListener.initializeSSL OpenSSL successfully initialized (OpenSSL 1.0.2k  26 Jan 2017)
16-Apr-2017 20:29:53.495 信息 [main] org.apache.coyote.AbstractProtocol.init Initializing ProtocolHandler ["http-nio-8088"]
16-Apr-2017 20:29:53.558 信息 [main] org.apache.tomcat.util.net.NioSelectorPool.getSharedSelector Using a shared selector for servlet write/read
16-Apr-2017 20:29:53.564 信息 [main] org.apache.coyote.AbstractProtocol.init Initializing ProtocolHandler ["ajp-nio-8009"]
16-Apr-2017 20:29:53.570 信息 [main] org.apache.tomcat.util.net.NioSelectorPool.getSharedSelector Using a shared selector for servlet write/read
16-Apr-2017 20:29:53.571 信息 [main] org.apache.catalina.startup.Catalina.load Initialization processed in 2991 ms
16-Apr-2017 20:29:53.664 信息 [main] org.apache.catalina.core.StandardService.startInternal Starting service Catalina
16-Apr-2017 20:29:53.665 信息 [main] org.apache.catalina.core.StandardEngine.startInternal Starting Servlet Engine: Apache Tomcat/9.0.0.M19
16-Apr-2017 20:29:53.688 信息 [main] org.apache.catalina.startup.HostConfig.deployDirectory Deploying web application directory D:\apache-tomcat-9.0.0.M19\webapps\docs
16-Apr-2017 20:29:54.849 信息 [main] org.apache.catalina.util.SessionIdGeneratorBase.createSecureRandom Creation of SecureRandom instance for session ID generation using [SHA1PRNG] took [253] milliseconds.
16-Apr-2017 20:29:54.915 信息 [main] org.apache.catalina.startup.HostConfig.deployDirectory Deployment of web application directory D:\apache-tomcat-9.0.0.M19\webapps\docs has finished in 1,227 ms
16-Apr-2017 20:29:54.916 信息 [main] org.apache.catalina.startup.HostConfig.deployDirectory Deploying web application directory D:\apache-tomcat-9.0.0.M19\webapps\examples
16-Apr-2017 20:29:55.722 信息 [main] org.apache.catalina.startup.HostConfig.deployDirectory Deployment of web application directory D:\apache-tomcat-9.0.0.M19\webapps\examples has finished in 806 ms
16-Apr-2017 20:29:55.723 信息 [main] org.apache.catalina.startup.HostConfig.deployDirectory Deploying web application directory D:\apache-tomcat-9.0.0.M19\webapps\host-manager
16-Apr-2017 20:29:55.840 信息 [main] org.apache.catalina.startup.HostConfig.deployDirectory Deployment of web application directory D:\apache-tomcat-9.0.0.M19\webapps\host-manager has finished in 116 ms
16-Apr-2017 20:29:55.840 信息 [main] org.apache.catalina.startup.HostConfig.deployDirectory Deploying web application directory D:\apache-tomcat-9.0.0.M19\webapps\manager
16-Apr-2017 20:29:55.892 信息 [main] org.apache.catalina.startup.HostConfig.deployDirectory Deployment of web application directory D:\apache-tomcat-9.0.0.M19\webapps\manager has finished in 52 ms
16-Apr-2017 20:29:55.893 信息 [main] org.apache.catalina.startup.HostConfig.deployDirectory Deploying web application directory D:\apache-tomcat-9.0.0.M19\webapps\ROOT
16-Apr-2017 20:29:55.932 信息 [main] org.apache.catalina.startup.HostConfig.deployDirectory Deployment of web application directory D:\apache-tomcat-9.0.0.M19\webapps\ROOT has finished in 38 ms
16-Apr-2017 20:29:55.939 信息 [main] org.apache.coyote.AbstractProtocol.start Starting ProtocolHandler ["http-nio-8088"]
16-Apr-2017 20:29:55.966 信息 [main] org.apache.coyote.AbstractProtocol.start Starting ProtocolHandler ["ajp-nio-8009"]
16-Apr-2017 20:29:55.972 信息 [main] org.apache.catalina.startup.Catalina.start Server startup in 2401 ms
16-Apr-2017 20:35:05.975 信息 [Thread-6] org.apache.coyote.AbstractProtocol.pause Pausing ProtocolHandler ["http-nio-8088"]
16-Apr-2017 20:35:06.232 信息 [Thread-6] org.apache.coyote.AbstractProtocol.pause Pausing ProtocolHandler ["ajp-nio-8009"]
16-Apr-2017 20:35:06.485 信息 [Thread-6] org.apache.catalina.core.StandardService.stopInternal Stopping service Catalina
16-Apr-2017 20:35:06.647 信息 [Thread-6] org.apache.coyote.AbstractProtocol.stop Stopping ProtocolHandler ["http-nio-8088"]
16-Apr-2017 20:35:06.670 信息 [Thread-6] org.apache.coyote.AbstractProtocol.stop Stopping ProtocolHandler ["ajp-nio-8009"]

2017-04-16 20:35:30 Commons Daemon procrun stderr initialized
16-Apr-2017 20:35:32.762 信息 [main] org.apache.catalina.startup.VersionLoggerListener.log Server version:        Apache Tomcat/9.0.0.M19
16-Apr-2017 20:35:32.778 信息 [main] org.apache.catalina.startup.VersionLoggerListener.log Server built:          Mar 27 2017 12:09:59 UTC
16-Apr-2017 20:35:32.778 信息 [main] org.apache.catalina.startup.VersionLoggerListener.log Server number:         9.0.0.0
16-Apr-2017 20:35:32.778 信息 [main] org.apache.catalina.startup.VersionLoggerListener.log OS Name:               Windows 7
16-Apr-2017 20:35:32.779 信息 [main] org.apache.catalina.startup.VersionLoggerListener.log OS Version:            6.1
16-Apr-2017 20:35:32.780 信息 [main] org.apache.catalina.startup.VersionLoggerListener.log Architecture:          amd64
16-Apr-2017 20:35:32.780 信息 [main] org.apache.catalina.startup.VersionLoggerListener.log Java Home:             D:\Develop\Java\jdk1.8.0_92\jre
16-Apr-2017 20:35:32.781 信息 [main] org.apache.catalina.startup.VersionLoggerListener.log JVM Version:           1.8.0_92-b14
16-Apr-2017 20:35:32.781 信息 [main] org.apache.catalina.startup.VersionLoggerListener.log JVM Vendor:            Oracle Corporation
16-Apr-2017 20:35:32.781 信息 [main] org.apache.catalina.startup.VersionLoggerListener.log CATALINA_BASE:         D:\apache-tomcat-9.0.0.M19
16-Apr-2017 20:35:32.782 信息 [main] org.apache.catalina.startup.VersionLoggerListener.log CATALINA_HOME:         D:\apache-tomcat-9.0.0.M19
16-Apr-2017 20:35:32.783 信息 [main] org.apache.catalina.startup.VersionLoggerListener.log Command line argument: -Dcatalina.home=D:\apache-tomcat-9.0.0.M19
16-Apr-2017 20:35:32.784 信息 [main] org.apache.catalina.startup.VersionLoggerListener.log Command line argument: -Dcatalina.base=D:\apache-tomcat-9.0.0.M19
16-Apr-2017 20:35:32.788 信息 [main] org.apache.catalina.startup.VersionLoggerListener.log Command line argument: -Djava.io.tmpdir=D:\apache-tomcat-9.0.0.M19\temp
16-Apr-2017 20:35:32.788 信息 [main] org.apache.catalina.startup.VersionLoggerListener.log Command line argument: -Djava.util.logging.manager=org.apache.juli.ClassLoaderLogManager
16-Apr-2017 20:35:32.789 信息 [main] org.apache.catalina.startup.VersionLoggerListener.log Command line argument: -Djava.util.logging.config.file=D:\apache-tomcat-9.0.0.M19\conf\logging.properties
16-Apr-2017 20:35:32.789 信息 [main] org.apache.catalina.startup.VersionLoggerListener.log Command line argument: exit
16-Apr-2017 20:35:32.791 信息 [main] org.apache.catalina.startup.VersionLoggerListener.log Command line argument: -Xms128m
16-Apr-2017 20:35:32.791 信息 [main] org.apache.catalina.startup.VersionLoggerListener.log Command line argument: -Xmx256m
16-Apr-2017 20:35:32.792 信息 [main] org.apache.catalina.core.AprLifecycleListener.lifecycleEvent Loaded APR based Apache Tomcat Native library 1.2.12 using APR version 1.5.2.
16-Apr-2017 20:35:32.792 信息 [main] org.apache.catalina.core.AprLifecycleListener.lifecycleEvent APR capabilities: IPv6 [true], sendfile [true], accept filters [false], random [true].
16-Apr-2017 20:35:32.793 信息 [main] org.apache.catalina.core.AprLifecycleListener.lifecycleEvent APR/OpenSSL configuration: useAprConnector [false], useOpenSSL [true]
16-Apr-2017 20:35:33.894 信息 [main] org.apache.catalina.core.AprLifecycleListener.initializeSSL OpenSSL successfully initialized (OpenSSL 1.0.2k  26 Jan 2017)
16-Apr-2017 20:35:34.275 信息 [main] org.apache.coyote.AbstractProtocol.init Initializing ProtocolHandler ["http-nio-8088"]
16-Apr-2017 20:35:34.342 信息 [main] org.apache.tomcat.util.net.NioSelectorPool.getSharedSelector Using a shared selector for servlet write/read
16-Apr-2017 20:35:34.349 信息 [main] org.apache.coyote.AbstractProtocol.init Initializing ProtocolHandler ["ajp-nio-8009"]
16-Apr-2017 20:35:34.354 信息 [main] org.apache.tomcat.util.net.NioSelectorPool.getSharedSelector Using a shared selector for servlet write/read
16-Apr-2017 20:35:34.355 信息 [main] org.apache.catalina.startup.Catalina.load Initialization processed in 3293 ms
16-Apr-2017 20:35:34.436 信息 [main] org.apache.catalina.core.StandardService.startInternal Starting service Catalina
16-Apr-2017 20:35:34.437 信息 [main] org.apache.catalina.core.StandardEngine.startInternal Starting Servlet Engine: Apache Tomcat/9.0.0.M19
16-Apr-2017 20:35:34.493 信息 [main] org.apache.catalina.startup.HostConfig.deployWAR Deploying web application archive D:\apache-tomcat-9.0.0.M19\webapps\RF-iCare.war
16-Apr-2017 20:35:35.672 信息 [main] org.apache.catalina.util.SessionIdGeneratorBase.createSecureRandom Creation of SecureRandom instance for session ID generation using [SHA1PRNG] took [192] milliseconds.
16-Apr-2017 20:35:35.744 信息 [main] org.apache.catalina.startup.HostConfig.deployWAR Deployment of web application archive D:\apache-tomcat-9.0.0.M19\webapps\RF-iCare.war has finished in 1,250 ms
16-Apr-2017 20:35:35.745 信息 [main] org.apache.catalina.startup.HostConfig.deployDirectory Deploying web application directory D:\apache-tomcat-9.0.0.M19\webapps\docs
16-Apr-2017 20:35:35.787 信息 [main] org.apache.catalina.startup.HostConfig.deployDirectory Deployment of web application directory D:\apache-tomcat-9.0.0.M19\webapps\docs has finished in 41 ms
16-Apr-2017 20:35:35.787 信息 [main] org.apache.catalina.startup.HostConfig.deployDirectory Deploying web application directory D:\apache-tomcat-9.0.0.M19\webapps\examples
16-Apr-2017 20:35:36.486 信息 [main] org.apache.catalina.startup.HostConfig.deployDirectory Deployment of web application directory D:\apache-tomcat-9.0.0.M19\webapps\examples has finished in 699 ms
16-Apr-2017 20:35:36.487 信息 [main] org.apache.catalina.startup.HostConfig.deployDirectory Deploying web application directory D:\apache-tomcat-9.0.0.M19\webapps\host-manager
16-Apr-2017 20:35:36.556 信息 [main] org.apache.catalina.startup.HostConfig.deployDirectory Deployment of web application directory D:\apache-tomcat-9.0.0.M19\webapps\host-manager has finished in 68 ms
16-Apr-2017 20:35:36.557 信息 [main] org.apache.catalina.startup.HostConfig.deployDirectory Deploying web application directory D:\apache-tomcat-9.0.0.M19\webapps\manager
16-Apr-2017 20:35:36.614 信息 [main] org.apache.catalina.startup.HostConfig.deployDirectory Deployment of web application directory D:\apache-tomcat-9.0.0.M19\webapps\manager has finished in 57 ms
16-Apr-2017 20:35:36.614 信息 [main] org.apache.catalina.startup.HostConfig.deployDirectory Deploying web application directory D:\apache-tomcat-9.0.0.M19\webapps\ROOT
16-Apr-2017 20:35:36.654 信息 [main] org.apache.catalina.startup.HostConfig.deployDirectory Deployment of web application directory D:\apache-tomcat-9.0.0.M19\webapps\ROOT has finished in 39 ms
16-Apr-2017 20:35:36.661 信息 [main] org.apache.coyote.AbstractProtocol.start Starting ProtocolHandler ["http-nio-8088"]
16-Apr-2017 20:35:36.686 信息 [main] org.apache.coyote.AbstractProtocol.start Starting ProtocolHandler ["ajp-nio-8009"]
16-Apr-2017 20:35:36.692 信息 [main] org.apache.catalina.startup.Catalina.start Server startup in 2336 ms
16-Apr-2017 20:37:39.144 信息 [Thread-6] org.apache.coyote.AbstractProtocol.pause Pausing ProtocolHandler ["http-nio-8088"]
16-Apr-2017 20:37:39.421 信息 [Thread-6] org.apache.coyote.AbstractProtocol.pause Pausing ProtocolHandler ["ajp-nio-8009"]
16-Apr-2017 20:37:39.698 信息 [Thread-6] org.apache.catalina.core.StandardService.stopInternal Stopping service Catalina
16-Apr-2017 20:37:39.903 信息 [Thread-6] org.apache.coyote.AbstractProtocol.stop Stopping ProtocolHandler ["http-nio-8088"]
16-Apr-2017 20:37:39.964 信息 [Thread-6] org.apache.coyote.AbstractProtocol.stop Stopping ProtocolHandler ["ajp-nio-8009"]

2017-04-16 20:38:29 Commons Daemon procrun stderr initialized
16-Apr-2017 20:38:32.000 信息 [main] org.apache.catalina.startup.VersionLoggerListener.log Server version:        Apache Tomcat/9.0.0.M19
16-Apr-2017 20:38:32.011 信息 [main] org.apache.catalina.startup.VersionLoggerListener.log Server built:          Mar 27 2017 12:09:59 UTC
16-Apr-2017 20:38:32.011 信息 [main] org.apache.catalina.startup.VersionLoggerListener.log Server number:         9.0.0.0
16-Apr-2017 20:38:32.011 信息 [main] org.apache.catalina.startup.VersionLoggerListener.log OS Name:               Windows 7
16-Apr-2017 20:38:32.012 信息 [main] org.apache.catalina.startup.VersionLoggerListener.log OS Version:            6.1
16-Apr-2017 20:38:32.012 信息 [main] org.apache.catalina.startup.VersionLoggerListener.log Architecture:          amd64
16-Apr-2017 20:38:32.012 信息 [main] org.apache.catalina.startup.VersionLoggerListener.log Java Home:             D:\Develop\Java\jdk1.8.0_92\jre
16-Apr-2017 20:38:32.012 信息 [main] org.apache.catalina.startup.VersionLoggerListener.log JVM Version:           1.8.0_92-b14
16-Apr-2017 20:38:32.013 信息 [main] org.apache.catalina.startup.VersionLoggerListener.log JVM Vendor:            Oracle Corporation
16-Apr-2017 20:38:32.013 信息 [main] org.apache.catalina.startup.VersionLoggerListener.log CATALINA_BASE:         D:\apache-tomcat-9.0.0.M19
16-Apr-2017 20:38:32.014 信息 [main] org.apache.catalina.startup.VersionLoggerListener.log CATALINA_HOME:         D:\apache-tomcat-9.0.0.M19
16-Apr-2017 20:38:32.014 信息 [main] org.apache.catalina.startup.VersionLoggerListener.log Command line argument: -Dcatalina.home=D:\apache-tomcat-9.0.0.M19
16-Apr-2017 20:38:32.015 信息 [main] org.apache.catalina.startup.VersionLoggerListener.log Command line argument: -Dcatalina.base=D:\apache-tomcat-9.0.0.M19
16-Apr-2017 20:38:32.016 信息 [main] org.apache.catalina.startup.VersionLoggerListener.log Command line argument: -Djava.io.tmpdir=D:\apache-tomcat-9.0.0.M19\temp
16-Apr-2017 20:38:32.016 信息 [main] org.apache.catalina.startup.VersionLoggerListener.log Command line argument: -Djava.util.logging.manager=org.apache.juli.ClassLoaderLogManager
16-Apr-2017 20:38:32.016 信息 [main] org.apache.catalina.startup.VersionLoggerListener.log Command line argument: -Djava.util.logging.config.file=D:\apache-tomcat-9.0.0.M19\conf\logging.properties
16-Apr-2017 20:38:32.017 信息 [main] org.apache.catalina.startup.VersionLoggerListener.log Command line argument: exit
16-Apr-2017 20:38:32.019 信息 [main] org.apache.catalina.startup.VersionLoggerListener.log Command line argument: -Xms128m
16-Apr-2017 20:38:32.020 信息 [main] org.apache.catalina.startup.VersionLoggerListener.log Command line argument: -Xmx256m
16-Apr-2017 20:38:32.020 信息 [main] org.apache.catalina.core.AprLifecycleListener.lifecycleEvent Loaded APR based Apache Tomcat Native library 1.2.12 using APR version 1.5.2.
16-Apr-2017 20:38:32.021 信息 [main] org.apache.catalina.core.AprLifecycleListener.lifecycleEvent APR capabilities: IPv6 [true], sendfile [true], accept filters [false], random [true].
16-Apr-2017 20:38:32.022 信息 [main] org.apache.catalina.core.AprLifecycleListener.lifecycleEvent APR/OpenSSL configuration: useAprConnector [false], useOpenSSL [true]
16-Apr-2017 20:38:33.130 信息 [main] org.apache.catalina.core.AprLifecycleListener.initializeSSL OpenSSL successfully initialized (OpenSSL 1.0.2k  26 Jan 2017)
16-Apr-2017 20:38:33.640 信息 [main] org.apache.coyote.AbstractProtocol.init Initializing ProtocolHandler ["http-nio-8088"]
16-Apr-2017 20:38:33.729 信息 [main] org.apache.tomcat.util.net.NioSelectorPool.getSharedSelector Using a shared selector for servlet write/read
16-Apr-2017 20:38:33.738 信息 [main] org.apache.coyote.AbstractProtocol.init Initializing ProtocolHandler ["ajp-nio-8009"]
16-Apr-2017 20:38:33.746 信息 [main] org.apache.tomcat.util.net.NioSelectorPool.getSharedSelector Using a shared selector for servlet write/read
16-Apr-2017 20:38:33.746 信息 [main] org.apache.catalina.startup.Catalina.load Initialization processed in 3334 ms
16-Apr-2017 20:38:33.870 信息 [main] org.apache.catalina.core.StandardService.startInternal Starting service Catalina
16-Apr-2017 20:38:33.871 信息 [main] org.apache.catalina.core.StandardEngine.startInternal Starting Servlet Engine: Apache Tomcat/9.0.0.M19
16-Apr-2017 20:38:33.955 信息 [main] org.apache.catalina.startup.HostConfig.deployWAR Deploying web application archive D:\apache-tomcat-9.0.0.M19\webapps\RF-iCare.war
16-Apr-2017 20:38:35.133 信息 [main] org.apache.catalina.util.SessionIdGeneratorBase.createSecureRandom Creation of SecureRandom instance for session ID generation using [SHA1PRNG] took [233] milliseconds.
16-Apr-2017 20:38:35.174 信息 [main] org.apache.catalina.startup.HostConfig.deployWAR Deployment of web application archive D:\apache-tomcat-9.0.0.M19\webapps\RF-iCare.war has finished in 1,219 ms
16-Apr-2017 20:38:35.175 信息 [main] org.apache.catalina.startup.HostConfig.deployDirectory Deploying web application directory D:\apache-tomcat-9.0.0.M19\webapps\docs
16-Apr-2017 20:38:35.214 信息 [main] org.apache.catalina.startup.HostConfig.deployDirectory Deployment of web application directory D:\apache-tomcat-9.0.0.M19\webapps\docs has finished in 39 ms
16-Apr-2017 20:38:35.215 信息 [main] org.apache.catalina.startup.HostConfig.deployDirectory Deploying web application directory D:\apache-tomcat-9.0.0.M19\webapps\examples
16-Apr-2017 20:38:36.030 信息 [main] org.apache.catalina.startup.HostConfig.deployDirectory Deployment of web application directory D:\apache-tomcat-9.0.0.M19\webapps\examples has finished in 815 ms
16-Apr-2017 20:38:36.031 信息 [main] org.apache.catalina.startup.HostConfig.deployDirectory Deploying web application directory D:\apache-tomcat-9.0.0.M19\webapps\host-manager
16-Apr-2017 20:38:36.091 信息 [main] org.apache.catalina.startup.HostConfig.deployDirectory Deployment of web application directory D:\apache-tomcat-9.0.0.M19\webapps\host-manager has finished in 60 ms
16-Apr-2017 20:38:36.092 信息 [main] org.apache.catalina.startup.HostConfig.deployDirectory Deploying web application directory D:\apache-tomcat-9.0.0.M19\webapps\manager
16-Apr-2017 20:38:36.139 信息 [main] org.apache.catalina.startup.HostConfig.deployDirectory Deployment of web application directory D:\apache-tomcat-9.0.0.M19\webapps\manager has finished in 47 ms
16-Apr-2017 20:38:36.140 信息 [main] org.apache.catalina.startup.HostConfig.deployDirectory Deploying web application directory D:\apache-tomcat-9.0.0.M19\webapps\ROOT
16-Apr-2017 20:38:36.177 信息 [main] org.apache.catalina.startup.HostConfig.deployDirectory Deployment of web application directory D:\apache-tomcat-9.0.0.M19\webapps\ROOT has finished in 38 ms
16-Apr-2017 20:38:36.185 信息 [main] org.apache.coyote.AbstractProtocol.start Starting ProtocolHandler ["http-nio-8088"]
16-Apr-2017 20:38:36.208 信息 [main] org.apache.coyote.AbstractProtocol.start Starting ProtocolHandler ["ajp-nio-8009"]
16-Apr-2017 20:38:36.213 信息 [main] org.apache.catalina.startup.Catalina.start Server startup in 2465 ms
16-Apr-2017 20:39:02.823 信息 [Thread-6] org.apache.coyote.AbstractProtocol.pause Pausing ProtocolHandler ["http-nio-8088"]
16-Apr-2017 20:39:03.115 信息 [Thread-6] org.apache.coyote.AbstractProtocol.pause Pausing ProtocolHandler ["ajp-nio-8009"]
16-Apr-2017 20:39:03.398 信息 [Thread-6] org.apache.catalina.core.StandardService.stopInternal Stopping service Catalina
16-Apr-2017 20:39:03.573 信息 [Thread-6] org.apache.coyote.AbstractProtocol.stop Stopping ProtocolHandler ["http-nio-8088"]
16-Apr-2017 20:39:03.606 信息 [Thread-6] org.apache.coyote.AbstractProtocol.stop Stopping ProtocolHandler ["ajp-nio-8009"]

2017-04-16 20:40:02 Commons Daemon procrun stderr initialized
16-Apr-2017 20:40:04.671 信息 [main] org.apache.catalina.startup.VersionLoggerListener.log Server version:        Apache Tomcat/9.0.0.M19
16-Apr-2017 20:40:04.681 信息 [main] org.apache.catalina.startup.VersionLoggerListener.log Server built:          Mar 27 2017 12:09:59 UTC
16-Apr-2017 20:40:04.682 信息 [main] org.apache.catalina.startup.VersionLoggerListener.log Server number:         9.0.0.0
16-Apr-2017 20:40:04.682 信息 [main] org.apache.catalina.startup.VersionLoggerListener.log OS Name:               Windows 7
16-Apr-2017 20:40:04.682 信息 [main] org.apache.catalina.startup.VersionLoggerListener.log OS Version:            6.1
16-Apr-2017 20:40:04.683 信息 [main] org.apache.catalina.startup.VersionLoggerListener.log Architecture:          amd64
16-Apr-2017 20:40:04.683 信息 [main] org.apache.catalina.startup.VersionLoggerListener.log Java Home:             D:\Develop\Java\jdk1.8.0_92\jre
16-Apr-2017 20:40:04.684 信息 [main] org.apache.catalina.startup.VersionLoggerListener.log JVM Version:           1.8.0_92-b14
16-Apr-2017 20:40:04.684 信息 [main] org.apache.catalina.startup.VersionLoggerListener.log JVM Vendor:            Oracle Corporation
16-Apr-2017 20:40:04.685 信息 [main] org.apache.catalina.startup.VersionLoggerListener.log CATALINA_BASE:         D:\apache-tomcat-9.0.0.M19
16-Apr-2017 20:40:04.685 信息 [main] org.apache.catalina.startup.VersionLoggerListener.log CATALINA_HOME:         D:\apache-tomcat-9.0.0.M19
16-Apr-2017 20:40:04.686 信息 [main] org.apache.catalina.startup.VersionLoggerListener.log Command line argument: -Dcatalina.home=D:\apache-tomcat-9.0.0.M19
16-Apr-2017 20:40:04.686 信息 [main] org.apache.catalina.startup.VersionLoggerListener.log Command line argument: -Dcatalina.base=D:\apache-tomcat-9.0.0.M19
16-Apr-2017 20:40:04.687 信息 [main] org.apache.catalina.startup.VersionLoggerListener.log Command line argument: -Djava.io.tmpdir=D:\apache-tomcat-9.0.0.M19\temp
16-Apr-2017 20:40:04.687 信息 [main] org.apache.catalina.startup.VersionLoggerListener.log Command line argument: -Djava.util.logging.manager=org.apache.juli.ClassLoaderLogManager
16-Apr-2017 20:40:04.688 信息 [main] org.apache.catalina.startup.VersionLoggerListener.log Command line argument: -Djava.util.logging.config.file=D:\apache-tomcat-9.0.0.M19\conf\logging.properties
16-Apr-2017 20:40:04.688 信息 [main] org.apache.catalina.startup.VersionLoggerListener.log Command line argument: exit
16-Apr-2017 20:40:04.689 信息 [main] org.apache.catalina.startup.VersionLoggerListener.log Command line argument: -Xms128m
16-Apr-2017 20:40:04.689 信息 [main] org.apache.catalina.startup.VersionLoggerListener.log Command line argument: -Xmx256m
16-Apr-2017 20:40:04.689 信息 [main] org.apache.catalina.core.AprLifecycleListener.lifecycleEvent Loaded APR based Apache Tomcat Native library 1.2.12 using APR version 1.5.2.
16-Apr-2017 20:40:04.690 信息 [main] org.apache.catalina.core.AprLifecycleListener.lifecycleEvent APR capabilities: IPv6 [true], sendfile [true], accept filters [false], random [true].
16-Apr-2017 20:40:04.690 信息 [main] org.apache.catalina.core.AprLifecycleListener.lifecycleEvent APR/OpenSSL configuration: useAprConnector [false], useOpenSSL [true]
16-Apr-2017 20:40:05.786 信息 [main] org.apache.catalina.core.AprLifecycleListener.initializeSSL OpenSSL successfully initialized (OpenSSL 1.0.2k  26 Jan 2017)
16-Apr-2017 20:40:06.182 信息 [main] org.apache.coyote.AbstractProtocol.init Initializing ProtocolHandler ["http-nio-8088"]
16-Apr-2017 20:40:06.248 信息 [main] org.apache.tomcat.util.net.NioSelectorPool.getSharedSelector Using a shared selector for servlet write/read
16-Apr-2017 20:40:06.257 信息 [main] org.apache.coyote.AbstractProtocol.init Initializing ProtocolHandler ["ajp-nio-8009"]
16-Apr-2017 20:40:06.263 信息 [main] org.apache.tomcat.util.net.NioSelectorPool.getSharedSelector Using a shared selector for servlet write/read
16-Apr-2017 20:40:06.264 信息 [main] org.apache.catalina.startup.Catalina.load Initialization processed in 3068 ms
16-Apr-2017 20:40:06.358 信息 [main] org.apache.catalina.core.StandardService.startInternal Starting service Catalina
16-Apr-2017 20:40:06.359 信息 [main] org.apache.catalina.core.StandardEngine.startInternal Starting Servlet Engine: Apache Tomcat/9.0.0.M19
16-Apr-2017 20:40:06.419 信息 [main] org.apache.catalina.startup.HostConfig.deployWAR Deploying web application archive D:\apache-tomcat-9.0.0.M19\webapps\RF-iCare.war
16-Apr-2017 20:40:07.509 信息 [main] org.apache.catalina.util.SessionIdGeneratorBase.createSecureRandom Creation of SecureRandom instance for session ID generation using [SHA1PRNG] took [206] milliseconds.
16-Apr-2017 20:40:07.547 信息 [main] org.apache.catalina.startup.HostConfig.deployWAR Deployment of web application archive D:\apache-tomcat-9.0.0.M19\webapps\RF-iCare.war has finished in 1,127 ms
16-Apr-2017 20:40:07.549 信息 [main] org.apache.catalina.startup.HostConfig.deployDirectory Deploying web application directory D:\apache-tomcat-9.0.0.M19\webapps\docs
16-Apr-2017 20:40:07.588 信息 [main] org.apache.catalina.startup.HostConfig.deployDirectory Deployment of web application directory D:\apache-tomcat-9.0.0.M19\webapps\docs has finished in 39 ms
16-Apr-2017 20:40:07.588 信息 [main] org.apache.catalina.startup.HostConfig.deployDirectory Deploying web application directory D:\apache-tomcat-9.0.0.M19\webapps\examples
16-Apr-2017 20:40:08.406 信息 [main] org.apache.catalina.startup.HostConfig.deployDirectory Deployment of web application directory D:\apache-tomcat-9.0.0.M19\webapps\examples has finished in 818 ms
16-Apr-2017 20:40:08.407 信息 [main] org.apache.catalina.startup.HostConfig.deployDirectory Deploying web application directory D:\apache-tomcat-9.0.0.M19\webapps\host-manager
16-Apr-2017 20:40:08.462 信息 [main] org.apache.catalina.startup.HostConfig.deployDirectory Deployment of web application directory D:\apache-tomcat-9.0.0.M19\webapps\host-manager has finished in 55 ms
16-Apr-2017 20:40:08.463 信息 [main] org.apache.catalina.startup.HostConfig.deployDirectory Deploying web application directory D:\apache-tomcat-9.0.0.M19\webapps\manager
16-Apr-2017 20:40:08.505 信息 [main] org.apache.catalina.startup.HostConfig.deployDirectory Deployment of web application directory D:\apache-tomcat-9.0.0.M19\webapps\manager has finished in 42 ms
16-Apr-2017 20:40:08.506 信息 [main] org.apache.catalina.startup.HostConfig.deployDirectory Deploying web application directory D:\apache-tomcat-9.0.0.M19\webapps\ROOT
16-Apr-2017 20:40:08.543 信息 [main] org.apache.catalina.startup.HostConfig.deployDirectory Deployment of web application directory D:\apache-tomcat-9.0.0.M19\webapps\ROOT has finished in 36 ms
16-Apr-2017 20:40:08.550 信息 [main] org.apache.coyote.AbstractProtocol.start Starting ProtocolHandler ["http-nio-8088"]
16-Apr-2017 20:40:08.571 信息 [main] org.apache.coyote.AbstractProtocol.start Starting ProtocolHandler ["ajp-nio-8009"]
16-Apr-2017 20:40:08.577 信息 [main] org.apache.catalina.startup.Catalina.start Server startup in 2312 ms
16-Apr-2017 20:53:16.691 信息 [Thread-6] org.apache.coyote.AbstractProtocol.pause Pausing ProtocolHandler ["http-nio-8088"]
16-Apr-2017 20:53:16.994 信息 [Thread-6] org.apache.coyote.AbstractProtocol.pause Pausing ProtocolHandler ["ajp-nio-8009"]
16-Apr-2017 20:53:17.282 信息 [Thread-6] org.apache.catalina.core.StandardService.stopInternal Stopping service Catalina
16-Apr-2017 20:53:17.547 信息 [Thread-6] org.apache.coyote.AbstractProtocol.stop Stopping ProtocolHandler ["http-nio-8088"]
16-Apr-2017 20:53:17.557 信息 [Thread-6] org.apache.coyote.AbstractProtocol.stop Stopping ProtocolHandler ["ajp-nio-8009"]

2017-04-16 20:53:21 Commons Daemon procrun stderr initialized
16-Apr-2017 20:53:23.572 信息 [main] org.apache.catalina.startup.VersionLoggerListener.log Server version:        Apache Tomcat/9.0.0.M19
16-Apr-2017 20:53:23.583 信息 [main] org.apache.catalina.startup.VersionLoggerListener.log Server built:          Mar 27 2017 12:09:59 UTC
16-Apr-2017 20:53:23.583 信息 [main] org.apache.catalina.startup.VersionLoggerListener.log Server number:         9.0.0.0
16-Apr-2017 20:53:23.584 信息 [main] org.apache.catalina.startup.VersionLoggerListener.log OS Name:               Windows 7
16-Apr-2017 20:53:23.584 信息 [main] org.apache.catalina.startup.VersionLoggerListener.log OS Version:            6.1
16-Apr-2017 20:53:23.584 信息 [main] org.apache.catalina.startup.VersionLoggerListener.log Architecture:          amd64
16-Apr-2017 20:53:23.585 信息 [main] org.apache.catalina.startup.VersionLoggerListener.log Java Home:             D:\Develop\Java\jdk1.8.0_92\jre
16-Apr-2017 20:53:23.585 信息 [main] org.apache.catalina.startup.VersionLoggerListener.log JVM Version:           1.8.0_92-b14
16-Apr-2017 20:53:23.585 信息 [main] org.apache.catalina.startup.VersionLoggerListener.log JVM Vendor:            Oracle Corporation
16-Apr-2017 20:53:23.585 信息 [main] org.apache.catalina.startup.VersionLoggerListener.log CATALINA_BASE:         D:\apache-tomcat-9.0.0.M19
16-Apr-2017 20:53:23.586 信息 [main] org.apache.catalina.startup.VersionLoggerListener.log CATALINA_HOME:         D:\apache-tomcat-9.0.0.M19
16-Apr-2017 20:53:23.586 信息 [main] org.apache.catalina.startup.VersionLoggerListener.log Command line argument: -Dcatalina.home=D:\apache-tomcat-9.0.0.M19
16-Apr-2017 20:53:23.587 信息 [main] org.apache.catalina.startup.VersionLoggerListener.log Command line argument: -Dcatalina.base=D:\apache-tomcat-9.0.0.M19
16-Apr-2017 20:53:23.587 信息 [main] org.apache.catalina.startup.VersionLoggerListener.log Command line argument: -Djava.io.tmpdir=D:\apache-tomcat-9.0.0.M19\temp
16-Apr-2017 20:53:23.587 信息 [main] org.apache.catalina.startup.VersionLoggerListener.log Command line argument: -Djava.util.logging.manager=org.apache.juli.ClassLoaderLogManager
16-Apr-2017 20:53:23.588 信息 [main] org.apache.catalina.startup.VersionLoggerListener.log Command line argument: -Djava.util.logging.config.file=D:\apache-tomcat-9.0.0.M19\conf\logging.properties
16-Apr-2017 20:53:23.588 信息 [main] org.apache.catalina.startup.VersionLoggerListener.log Command line argument: exit
16-Apr-2017 20:53:23.589 信息 [main] org.apache.catalina.startup.VersionLoggerListener.log Command line argument: -Xms128m
16-Apr-2017 20:53:23.589 信息 [main] org.apache.catalina.startup.VersionLoggerListener.log Command line argument: -Xmx256m
16-Apr-2017 20:53:23.589 信息 [main] org.apache.catalina.core.AprLifecycleListener.lifecycleEvent Loaded APR based Apache Tomcat Native library 1.2.12 using APR version 1.5.2.
16-Apr-2017 20:53:23.590 信息 [main] org.apache.catalina.core.AprLifecycleListener.lifecycleEvent APR capabilities: IPv6 [true], sendfile [true], accept filters [false], random [true].
16-Apr-2017 20:53:23.590 信息 [main] org.apache.catalina.core.AprLifecycleListener.lifecycleEvent APR/OpenSSL configuration: useAprConnector [false], useOpenSSL [true]
16-Apr-2017 20:53:24.667 信息 [main] org.apache.catalina.core.AprLifecycleListener.initializeSSL OpenSSL successfully initialized (OpenSSL 1.0.2k  26 Jan 2017)
16-Apr-2017 20:53:25.024 信息 [main] org.apache.coyote.AbstractProtocol.init Initializing ProtocolHandler ["http-nio-8088"]
16-Apr-2017 20:53:25.087 信息 [main] org.apache.tomcat.util.net.NioSelectorPool.getSharedSelector Using a shared selector for servlet write/read
16-Apr-2017 20:53:25.097 信息 [main] org.apache.coyote.AbstractProtocol.init Initializing ProtocolHandler ["ajp-nio-8009"]
16-Apr-2017 20:53:25.107 信息 [main] org.apache.tomcat.util.net.NioSelectorPool.getSharedSelector Using a shared selector for servlet write/read
16-Apr-2017 20:53:25.108 信息 [main] org.apache.catalina.startup.Catalina.load Initialization processed in 2867 ms
16-Apr-2017 20:53:25.216 信息 [main] org.apache.catalina.core.StandardService.startInternal Starting service Catalina
16-Apr-2017 20:53:25.217 信息 [main] org.apache.catalina.core.StandardEngine.startInternal Starting Servlet Engine: Apache Tomcat/9.0.0.M19
16-Apr-2017 20:53:25.272 信息 [main] org.apache.catalina.startup.HostConfig.deployWAR Deploying web application archive D:\apache-tomcat-9.0.0.M19\webapps\RF-iCare.war
16-Apr-2017 20:53:26.146 信息 [main] org.apache.catalina.util.SessionIdGeneratorBase.createSecureRandom Creation of SecureRandom instance for session ID generation using [SHA1PRNG] took [155] milliseconds.
16-Apr-2017 20:53:26.202 信息 [main] org.apache.catalina.startup.HostConfig.deployWAR Deployment of web application archive D:\apache-tomcat-9.0.0.M19\webapps\RF-iCare.war has finished in 930 ms
16-Apr-2017 20:53:26.204 信息 [main] org.apache.catalina.startup.HostConfig.deployDirectory Deploying web application directory D:\apache-tomcat-9.0.0.M19\webapps\docs
16-Apr-2017 20:53:26.241 信息 [main] org.apache.catalina.startup.HostConfig.deployDirectory Deployment of web application directory D:\apache-tomcat-9.0.0.M19\webapps\docs has finished in 37 ms
16-Apr-2017 20:53:26.242 信息 [main] org.apache.catalina.startup.HostConfig.deployDirectory Deploying web application directory D:\apache-tomcat-9.0.0.M19\webapps\examples
16-Apr-2017 20:53:26.947 信息 [main] org.apache.catalina.startup.HostConfig.deployDirectory Deployment of web application directory D:\apache-tomcat-9.0.0.M19\webapps\examples has finished in 705 ms
16-Apr-2017 20:53:26.948 信息 [main] org.apache.catalina.startup.HostConfig.deployDirectory Deploying web application directory D:\apache-tomcat-9.0.0.M19\webapps\host-manager
16-Apr-2017 20:53:26.994 信息 [main] org.apache.catalina.startup.HostConfig.deployDirectory Deployment of web application directory D:\apache-tomcat-9.0.0.M19\webapps\host-manager has finished in 45 ms
16-Apr-2017 20:53:26.994 信息 [main] org.apache.catalina.startup.HostConfig.deployDirectory Deploying web application directory D:\apache-tomcat-9.0.0.M19\webapps\manager
16-Apr-2017 20:53:27.051 信息 [main] org.apache.catalina.startup.HostConfig.deployDirectory Deployment of web application directory D:\apache-tomcat-9.0.0.M19\webapps\manager has finished in 56 ms
16-Apr-2017 20:53:27.052 信息 [main] org.apache.catalina.startup.HostConfig.deployDirectory Deploying web application directory D:\apache-tomcat-9.0.0.M19\webapps\ROOT
16-Apr-2017 20:53:27.087 信息 [main] org.apache.catalina.startup.HostConfig.deployDirectory Deployment of web application directory D:\apache-tomcat-9.0.0.M19\webapps\ROOT has finished in 35 ms
16-Apr-2017 20:53:27.092 信息 [main] org.apache.coyote.AbstractProtocol.start Starting ProtocolHandler ["http-nio-8088"]
16-Apr-2017 20:53:27.111 信息 [main] org.apache.coyote.AbstractProtocol.start Starting ProtocolHandler ["ajp-nio-8009"]
16-Apr-2017 20:53:27.116 信息 [main] org.apache.catalina.startup.Catalina.start Server startup in 2006 ms
16-Apr-2017 21:09:27.035 信息 [Thread-6] org.apache.coyote.AbstractProtocol.pause Pausing ProtocolHandler ["http-nio-8088"]
16-Apr-2017 21:09:27.378 信息 [Thread-6] org.apache.coyote.AbstractProtocol.pause Pausing ProtocolHandler ["ajp-nio-8009"]
16-Apr-2017 21:09:27.628 信息 [Thread-6] org.apache.catalina.core.StandardService.stopInternal Stopping service Catalina
16-Apr-2017 21:09:27.768 信息 [Thread-6] org.apache.coyote.AbstractProtocol.stop Stopping ProtocolHandler ["http-nio-8088"]
16-Apr-2017 21:09:27.799 信息 [Thread-6] org.apache.coyote.AbstractProtocol.stop Stopping ProtocolHandler ["ajp-nio-8009"]
